{"level":"error","message":"Route not found: /.well-known/appspecific/com.chrome.devtools.json","method":"GET","route":"/.well-known/appspecific/com.chrome.devtools.json","status":404,"timestamp":"2026-06-24T09:55:55.642Z"}
{"level":"error","message":"Route not found: /favicon.ico","method":"GET","route":"/favicon.ico","status":404,"timestamp":"2026-06-24T09:55:55.668Z"}
{"level":"error","message":"Route not found: /","method":"GET","route":"/","status":404,"timestamp":"2026-06-25T17:49:32.807Z"}
{"level":"error","message":"Route not found: /","method":"GET","route":"/","status":404,"timestamp":"2026-06-25T17:49:47.471Z"}
{"level":"error","message":"Route not found: /loginMsg.js","method":"GET","route":"/loginMsg.js","status":404,"timestamp":"2026-06-25T17:49:47.477Z"}
{"level":"error","message":"Route not found: /cgi/get.cgi?cmd=home_login","method":"GET","route":"/cgi/get.cgi?cmd=home_login","status":404,"timestamp":"2026-06-25T17:49:47.483Z"}
{"level":"error","message":"Route not found: /boaform/formTracert","method":"POST","route":"/boaform/formTracert","status":404,"timestamp":"2026-06-25T17:49:50.793Z"}
{"level":"error","message":"Route not found: /","method":"GET","route":"/","status":404,"timestamp":"2026-06-26T06:46:01.303Z"}
{"level":"error","message":"Route not found: /","method":"GET","route":"/","status":404,"timestamp":"2026-06-26T06:46:15.645Z"}
{"level":"error","message":"Route not found: /loginMsg.js","method":"GET","route":"/loginMsg.js","status":404,"timestamp":"2026-06-26T06:46:15.653Z"}
{"level":"error","message":"Route not found: /cgi/get.cgi?cmd=home_login","method":"GET","route":"/cgi/get.cgi?cmd=home_login","status":404,"timestamp":"2026-06-26T06:46:15.656Z"}
{"level":"error","message":"Route not found: /","method":"GET","route":"/","status":404,"timestamp":"2026-06-26T07:00:22.740Z"}
{"level":"error","message":"Route not found: /","method":"GET","route":"/","status":404,"timestamp":"2026-06-26T07:00:37.192Z"}
{"level":"error","message":"Route not found: /loginMsg.js","method":"GET","route":"/loginMsg.js","status":404,"timestamp":"2026-06-26T07:00:37.195Z"}
{"level":"error","message":"Route not found: /cgi/get.cgi?cmd=home_login","method":"GET","route":"/cgi/get.cgi?cmd=home_login","status":404,"timestamp":"2026-06-26T07:00:37.198Z"}
{"level":"error","message":"Ticket validation failed: order: Cast to ObjectId failed for value \"\" (type string) at path \"order\"","method":"POST","route":"/api/v1/tickets","status":500,"timestamp":"2026-06-26T08:35:18.547Z"}
{"level":"error","message":"next is not a function","method":"POST","route":"/api/v1/tickets","status":500,"timestamp":"2026-06-26T08:54:50.444Z"}
{"level":"error","message":"next is not a function","method":"POST","route":"/api/v1/tickets","status":500,"timestamp":"2026-06-26T09:13:43.175Z"}
{"level":"error","message":"next is not a function","method":"POST","route":"/api/v1/tickets","status":500,"timestamp":"2026-06-26T09:23:38.064Z"}
{"level":"error","message":"next is not a function","method":"POST","route":"/api/v1/tickets","status":500,"timestamp":"2026-06-26T09:23:43.318Z"}
